# JRE version: Java(TM) SE Runtime Environment (8.0_60-b27) (build 1.8.0_60-b27)
# Java VM: Java HotSpot(TM) 64-Bit Server VM (25.60-b23 mixed mode windows-amd64 compressed oops)
Heap:
 PSYoungGen      total 172544K, used 133946K [0x00000000d5580000, 0x00000000e1600000, 0x0000000100000000)
  eden space 147968K, 90% used [0x00000000d5580000,0x00000000dd84eae8,0x00000000de600000)
  from space 24576K, 0% used [0x00000000de600000,0x00000000de600000,0x00000000dfe00000)
  to   space 24576K, 0% used [0x00000000dfe00000,0x00000000dfe00000,0x00000000e1600000)
 ParOldGen       total 103936K, used 55504K [0x0000000080000000, 0x0000000086580000, 0x00000000d5580000)
  object space 103936K, 53% used [0x0000000080000000,0x0000000083634030,0x0000000086580000)
 Metaspace       used 56880K, capacity 60240K, committed 60416K, reserved 1101824K
  class space    used 7521K, capacity 8168K, committed 8192K, reserved 1048576K
GC Heap History (10 events):
Event: 998.802 GC heap before
{Heap before GC invocations=26 (full 5):
 PSYoungGen      total 175616K, used 141244K [0x00000000d5580000, 0x00000000e1e80000, 0x0000000100000000)
  eden space 152576K, 80% used [0x00000000d5580000,0x00000000dccd7b08,0x00000000dea80000)
  from space 23040K, 82% used [0x00000000e0800000,0x00000000e1a97590,0x00000000e1e80000)
  to   space 26624K, 0% used [0x00000000dea80000,0x00000000dea80000,0x00000000e0480000)
 ParOldGen       total 103936K, used 50147K [0x0000000080000000, 0x0000000086580000, 0x00000000d5580000)
  object space 103936K, 48% used [0x0000000080000000,0x00000000830f8fc8,0x0000000086580000)
 Metaspace       used 55847K, capacity 58788K, committed 59008K, reserved 1099776K
  class space    used 7406K, capacity 8037K, committed 8064K, reserved 1048576K
Event: 998.808 GC heap after
Heap after GC invocations=26 (full 5):
 PSYoungGen      total 160768K, used 7729K [0x00000000d5580000, 0x00000000e1c80000, 0x0000000100000000)
  eden space 152576K, 0% used [0x00000000d5580000,0x00000000d5580000,0x00000000dea80000)
  from space 8192K, 94% used [0x00000000dea80000,0x00000000df20c4c8,0x00000000df280000)
  to   space 25600K, 0% used [0x00000000e0380000,0x00000000e0380000,0x00000000e1c80000)
 ParOldGen       total 103936K, used 50155K [0x0000000080000000, 0x0000000086580000, 0x00000000d5580000)
  object space 103936K, 48% used [0x0000000080000000,0x00000000830fafc8,0x0000000086580000)
 Metaspace       used 55847K, capacity 58788K, committed 59008K, reserved 1099776K
  class space    used 7406K, capacity 8037K, committed 8064K, reserved 1048576K
}
Event: 998.808 GC heap before
{Heap before GC invocations=27 (full 6):
 PSYoungGen      total 160768K, used 7729K [0x00000000d5580000, 0x00000000e1c80000, 0x0000000100000000)
  eden space 152576K, 0% used [0x00000000d5580000,0x00000000d5580000,0x00000000dea80000)
  from space 8192K, 94% used [0x00000000dea80000,0x00000000df20c4c8,0x00000000df280000)
  to   space 25600K, 0% used [0x00000000e0380000,0x00000000e0380000,0x00000000e1c80000)
 ParOldGen       total 103936K, used 50155K [0x0000000080000000, 0x0000000086580000, 0x00000000d5580000)
  object space 103936K, 48% used [0x0000000080000000,0x00000000830fafc8,0x0000000086580000)
 Metaspace       used 55847K, capacity 58788K, committed 59008K, reserved 1099776K
  class space    used 7406K, capacity 8037K, committed 8064K, reserved 1048576K
Event: 999.008 GC heap after
Heap after GC invocations=27 (full 6):
 PSYoungGen      total 160768K, used 0K [0x00000000d5580000, 0x00000000e1c80000, 0x0000000100000000)
  eden space 152576K, 0% used [0x00000000d5580000,0x00000000d5580000,0x00000000dea80000)
  from space 8192K, 0% used [0x00000000dea80000,0x00000000dea80000,0x00000000df280000)
  to   space 25600K, 0% used [0x00000000e0380000,0x00000000e0380000,0x00000000e1c80000)
 ParOldGen       total 103936K, used 53715K [0x0000000080000000, 0x0000000086580000, 0x00000000d5580000)
  object space 103936K, 51% used [0x0000000080000000,0x0000000083474e90,0x0000000086580000)
 Metaspace       used 55847K, capacity 58788K, committed 59008K, reserved 1099776K
  class space    used 7406K, capacity 8037K, committed 8064K, reserved 1048576K
}
Event: 1347.545 GC heap before
{Heap before GC invocations=28 (full 6):
 PSYoungGen      total 160768K, used 152576K [0x00000000d5580000, 0x00000000e1c80000, 0x0000000100000000)
  eden space 152576K, 100% used [0x00000000d5580000,0x00000000dea80000,0x00000000dea80000)
  from space 8192K, 0% used [0x00000000dea80000,0x00000000dea80000,0x00000000df280000)
  to   space 25600K, 0% used [0x00000000e0380000,0x00000000e0380000,0x00000000e1c80000)
 ParOldGen       total 103936K, used 53715K [0x0000000080000000, 0x0000000086580000, 0x00000000d5580000)
  object space 103936K, 51% used [0x0000000080000000,0x0000000083474e90,0x0000000086580000)
 Metaspace       used 56175K, capacity 59382K, committed 59648K, reserved 1101824K
  class space    used 7456K, capacity 8108K, committed 8192K, reserved 1048576K
Event: 1347.553 GC heap after
Heap after GC invocations=28 (full 6):
 PSYoungGen      total 166912K, used 11647K [0x00000000d5580000, 0x00000000e1600000, 0x0000000100000000)
  eden space 147968K, 0% used [0x00000000d5580000,0x00000000d5580000,0x00000000de600000)
  from space 18944K, 61% used [0x00000000e0380000,0x00000000e0edffc8,0x00000000e1600000)
  to   space 24576K, 0% used [0x00000000de600000,0x00000000de600000,0x00000000dfe00000)
 ParOldGen       total 103936K, used 53723K [0x0000000080000000, 0x0000000086580000, 0x00000000d5580000)
  object space 103936K, 51% used [0x0000000080000000,0x0000000083476e90,0x0000000086580000)
 Metaspace       used 56175K, capacity 59382K, committed 59648K, reserved 1101824K
  class space    used 7456K, capacity 8108K, committed 8192K, reserved 1048576K
}
Event: 1348.873 GC heap before
{Heap before GC invocations=29 (full 6):
 PSYoungGen      total 166912K, used 56363K [0x00000000d5580000, 0x00000000e1600000, 0x0000000100000000)
  eden space 147968K, 30% used [0x00000000d5580000,0x00000000d812ac80,0x00000000de600000)
  from space 18944K, 61% used [0x00000000e0380000,0x00000000e0edffc8,0x00000000e1600000)
  to   space 24576K, 0% used [0x00000000de600000,0x00000000de600000,0x00000000dfe00000)
 ParOldGen       total 103936K, used 53723K [0x0000000080000000, 0x0000000086580000, 0x00000000d5580000)
  object space 103936K, 51% used [0x0000000080000000,0x0000000083476e90,0x0000000086580000)
 Metaspace       used 56585K, capacity 59702K, committed 59904K, reserved 1101824K
  class space    used 7485K, capacity 8108K, committed 8192K, reserved 1048576K
Event: 1348.938 GC heap after
Heap after GC invocations=29 (full 6):
 PSYoungGen      total 172544K, used 3695K [0x00000000d5580000, 0x00000000e1600000, 0x0000000100000000)
  eden space 147968K, 0% used [0x00000000d5580000,0x00000000d5580000,0x00000000de600000)
  from space 24576K, 15% used [0x00000000de600000,0x00000000de99bf38,0x00000000dfe00000)
  to   space 24576K, 0% used [0x00000000dfe00000,0x00000000dfe00000,0x00000000e1600000)
 ParOldGen       total 103936K, used 53731K [0x0000000080000000, 0x0000000086580000, 0x00000000d5580000)
  object space 103936K, 51% used [0x0000000080000000,0x0000000083478e90,0x0000000086580000)
 Metaspace       used 56585K, capacity 59702K, committed 59904K, reserved 1101824K
  class space    used 7485K, capacity 8108K, committed 8192K, reserved 1048576K
}
Event: 1348.938 GC heap before
{Heap before GC invocations=30 (full 7):
 PSYoungGen      total 172544K, used 3695K [0x00000000d5580000, 0x00000000e1600000, 0x0000000100000000)
  eden space 147968K, 0% used [0x00000000d5580000,0x00000000d5580000,0x00000000de600000)
  from space 24576K, 15% used [0x00000000de600000,0x00000000de99bf38,0x00000000dfe00000)
  to   space 24576K, 0% used [0x00000000dfe00000,0x00000000dfe00000,0x00000000e1600000)
 ParOldGen       total 103936K, used 53731K [0x0000000080000000, 0x0000000086580000, 0x00000000d5580000)
  object space 103936K, 51% used [0x0000000080000000,0x0000000083478e90,0x0000000086580000)
 Metaspace       used 56585K, capacity 59702K, committed 59904K, reserved 1101824K
  class space    used 7485K, capacity 8108K, committed 8192K, reserved 1048576K
Event: 1349.407 GC heap after
Heap after GC invocations=30 (full 7):
 PSYoungGen      total 172544K, used 0K [0x00000000d5580000, 0x00000000e1600000, 0x0000000100000000)
  eden space 147968K, 0% used [0x00000000d5580000,0x00000000d5580000,0x00000000de600000)
  from space 24576K, 0% used [0x00000000de600000,0x00000000de600000,0x00000000dfe00000)
  to   space 24576K, 0% used [0x00000000dfe00000,0x00000000dfe00000,0x00000000e1600000)
 ParOldGen       total 103936K, used 55504K [0x0000000080000000, 0x0000000086580000, 0x00000000d5580000)
  object space 103936K, 53% used [0x0000000080000000,0x0000000083634030,0x0000000086580000)
 Metaspace       used 56585K, capacity 59702K, committed 59904K, reserved 1101824K
  class space    used 7485K, capacity 8108K, committed 8192K, reserved 1048576K
}

